# Error: File 'h:/fpga/secd/activehdl/secd/implement/ver1/rev1/secd_fep_trenz.ngd' does not exist.
# Error: No simulation netlist was produced.
# Error: Synthesis aborted.
# Error: File 'h:/fpga/secd/activehdl/secd/implement/ver1/rev1/secd_fep_trenz.ngd' does not exist.
# Error: No simulation netlist was produced.
# KERNEL: Error: Cannot find signal UUT/my_secd_system/my_datapath/state
# Error: COMP96_0134: secd_fep_trenz_conf.vhd : (26, 20): Cannot find component declaration.
# Error: COMP96_0134: fep_toplevel.vhd : (671, 20): Cannot find component declaration.
# Error: COMP96_0016: fep_toplevel.vhd : (11, 1): Design unit declaration expected.
# Error: COMP96_0016: fep_toplevel.vhd : (11, 11): Design unit declaration expected.
# Error: COMP96_0078: fep_toplevel.vhd : (24, 28): Unknown identifier "Std_Logic".
# Error: COMP96_0064: fep_toplevel.vhd : (24, 28): Unknown type.
# Error: COMP96_0078: fep_toplevel.vhd : (25, 28): Unknown identifier "Std_Logic".
# Error: COMP96_0064: fep_toplevel.vhd : (25, 28): Unknown type.
# Error: COMP96_0078: fep_toplevel.vhd : (27, 23): Unknown identifier "Std_logic".
# Error: COMP96_0064: fep_toplevel.vhd : (27, 23): Unknown type.
# Error: COMP96_0078: fep_toplevel.vhd : (30, 25): Unknown identifier "Std_logic".
# Error: COMP96_0064: fep_toplevel.vhd : (30, 25): Unknown type.
# Error: COMP96_0078: fep_toplevel.vhd : (31, 25): Unknown identifier "Std_Logic".
# Error: COMP96_0064: fep_toplevel.vhd : (31, 25): Unknown type.
# Error: COMP96_0078: fep_toplevel.vhd : (34, 23): Unknown identifier "Std_Logic".
# Error: COMP96_0064: fep_toplevel.vhd : (34, 23): Unknown type.
# Error: COMP96_0078: fep_toplevel.vhd : (35, 23): Unknown identifier "Std_Logic".
# Error: COMP96_0064: fep_toplevel.vhd : (35, 23): Unknown type.
# Error: COMP96_0078: fep_toplevel.vhd : (36, 23): Unknown identifier "Std_Logic".
# Error: COMP96_0064: fep_toplevel.vhd : (36, 23): Unknown type.
# Error: COMP96_0078: fep_toplevel.vhd : (37, 23): Unknown identifier "Std_Logic".
# Error: COMP96_0064: fep_toplevel.vhd : (37, 23): Unknown type.
# Error: COMP96_0078: fep_toplevel.vhd : (40, 23): Unknown identifier "Std_Logic".
# Error: COMP96_0064: fep_toplevel.vhd : (40, 23): Unknown type.
# Error: COMP96_0078: fep_toplevel.vhd : (41, 23): Unknown identifier "Std_Logic".
# Error: COMP96_0064: fep_toplevel.vhd : (41, 23): Unknown type.
# Error: COMP96_0078: fep_toplevel.vhd : (42, 23): Unknown identifier "Std_Logic_Vector".
# Error: COMP96_0064: fep_toplevel.vhd : (42, 23): Unknown type.
# Error: COMP96_0078: fep_toplevel.vhd : (43, 23): Unknown identifier "Std_Logic_Vector".
# Error: COMP96_0064: fep_toplevel.vhd : (43, 23): Unknown type.
# Error: COMP96_0078: fep_toplevel.vhd : (44, 23): Unknown identifier "Std_Logic_Vector".
# Error: COMP96_0064: fep_toplevel.vhd : (44, 23): Unknown type.
# Error: COMP96_0078: fep_toplevel.vhd : (47, 23): Unknown identifier "Std_Logic".
# Error: COMP96_0064: fep_toplevel.vhd : (47, 23): Unknown type.
# Error: COMP96_0078: fep_toplevel.vhd : (48, 23): Unknown identifier "Std_Logic_Vector".
# Error: COMP96_0064: fep_toplevel.vhd : (48, 23): Unknown type.
# Error: COMP96_0078: fep_toplevel.vhd : (50, 22): Unknown identifier "Std_Logic".
# Error: COMP96_0064: fep_toplevel.vhd : (50, 22): Unknown type.
# Error: COMP96_0078: fep_toplevel.vhd : (51, 22): Unknown identifier "Std_Logic".
# Error: COMP96_0064: fep_toplevel.vhd : (51, 22): Unknown type.
# Error: COMP96_0078: fep_toplevel.vhd : (52, 22): Unknown identifier "Std_Logic".
# Error: COMP96_0064: fep_toplevel.vhd : (52, 22): Unknown type.
# Error: COMP96_0078: fep_toplevel.vhd : (53, 22): Unknown identifier "Std_Logic".
# Error: COMP96_0064: fep_toplevel.vhd : (53, 22): Unknown type.
# Error: COMP96_0078: fep_toplevel.vhd : (54, 22): Unknown identifier "Std_Logic".
# Error: COMP96_0064: fep_toplevel.vhd : (54, 22): Unknown type.
# Error: COMP96_0078: fep_toplevel.vhd : (57, 23): Unknown identifier "Std_Logic".
# Error: COMP96_0064: fep_toplevel.vhd : (57, 23): Unknown type.
# Error: COMP96_0078: fep_toplevel.vhd : (58, 23): Unknown identifier "Std_Logic".
# Error: COMP96_0064: fep_toplevel.vhd : (58, 23): Unknown type.
# Error: COMP96_0078: fep_toplevel.vhd : (59, 23): Unknown identifier "Std_Logic".
# Error: COMP96_0064: fep_toplevel.vhd : (59, 23): Unknown type.
# Error: COMP96_0078: fep_toplevel.vhd : (60, 23): Unknown identifier "Std_Logic_Vector".
# Error: COMP96_0064: fep_toplevel.vhd : (60, 23): Unknown type.
# Error: COMP96_0078: fep_toplevel.vhd : (63, 23): Unknown identifier "std_logic_vector".
# Error: COMP96_0064: fep_toplevel.vhd : (63, 23): Unknown type.
# Error: COMP96_0078: fep_toplevel.vhd : (66, 23): Unknown identifier "std_logic_vector".
# Error: COMP96_0064: fep_toplevel.vhd : (66, 23): Unknown type.
# Error: COMP96_0078: fep_toplevel.vhd : (67, 25): Unknown identifier "std_logic_vector".
# Error: COMP96_0064: fep_toplevel.vhd : (67, 25): Unknown type.
# Error: COMP96_0078: fep_toplevel.vhd : (68, 23): Unknown identifier "std_logic".
# Error: COMP96_0064: fep_toplevel.vhd : (68, 23): Unknown type.
# Error: COMP96_0078: fep_toplevel.vhd : (69, 23): Unknown identifier "std_logic".
# Error: COMP96_0064: fep_toplevel.vhd : (69, 23): Unknown type.
# Error: COMP96_0078: fep_toplevel.vhd : (70, 23): Unknown identifier "std_logic".
# Error: COMP96_0064: fep_toplevel.vhd : (70, 23): Unknown type.
# Error: COMP96_0078: fep_toplevel.vhd : (71, 23): Unknown identifier "std_logic".
# Error: COMP96_0064: fep_toplevel.vhd : (71, 23): Unknown type.
# Error: COMP96_0078: fep_toplevel.vhd : (72, 23): Unknown identifier "std_logic".
# Error: COMP96_0064: fep_toplevel.vhd : (72, 23): Unknown type.
# Error: COMP96_0078: fep_toplevel.vhd : (75, 23): Unknown identifier "std_logic".
# Error: COMP96_0064: fep_toplevel.vhd : (75, 23): Unknown type.
# Error: COMP96_0078: fep_toplevel.vhd : (76, 23): Unknown identifier "std_logic".
# Error: COMP96_0064: fep_toplevel.vhd : (76, 23): Unknown type.
# Error: COMP96_0078: fep_toplevel.vhd : (77, 23): Unknown identifier "std_logic".
# Error: COMP96_0064: fep_toplevel.vhd : (77, 23): Unknown type.
# Error: COMP96_0078: fep_toplevel.vhd : (78, 23): Unknown identifier "std_logic".
# Error: COMP96_0064: fep_toplevel.vhd : (78, 23): Unknown type.
# Error: COMP96_0078: fep_toplevel.vhd : (79, 23): Unknown identifier "std_logic".
# Error: COMP96_0064: fep_toplevel.vhd : (79, 23): Unknown type.
# Error: COMP96_0078: fep_toplevel.vhd : (80, 22): Unknown identifier "std_logic".
# Error: COMP96_0064: fep_toplevel.vhd : (80, 22): Unknown type.
# Error: COMP96_0078: fep_toplevel.vhd : (81, 23): Unknown identifier "std_logic".
# Error: COMP96_0064: fep_toplevel.vhd : (81, 23): Unknown type.
# Error: COMP96_0078: fep_toplevel.vhd : (82, 23): Unknown identifier "std_logic".
# Error: COMP96_0064: fep_toplevel.vhd : (82, 23): Unknown type.
# Error: COMP96_0078: fep_toplevel.vhd : (83, 22): Unknown identifier "std_logic".
# Error: COMP96_0064: fep_toplevel.vhd : (83, 22): Unknown type.
# Error: COMP96_0078: fep_toplevel.vhd : (84, 22): Unknown identifier "std_logic".
# Error: COMP96_0064: fep_toplevel.vhd : (84, 22): Unknown type.
# Error: COMP96_0078: fep_toplevel.vhd : (85, 22): Unknown identifier "std_logic".
# Error: COMP96_0064: fep_toplevel.vhd : (85, 22): Unknown type.
# Error: COMP96_0078: fep_toplevel.vhd : (86, 22): Unknown identifier "std_logic".
# Error: COMP96_0064: fep_toplevel.vhd : (86, 22): Unknown type.
# Error: COMP96_0078: fep_toplevel.vhd : (87, 22): Unknown identifier "std_logic".
# Error: COMP96_0064: fep_toplevel.vhd : (87, 22): Unknown type.
# Error: COMP96_0078: fep_toplevel.vhd : (88, 22): Unknown identifier "std_logic".
# Error: COMP96_0064: fep_toplevel.vhd : (88, 22): Unknown type.
# Error: COMP96_0078: fep_toplevel.vhd : (89, 23): Unknown identifier "std_logic".
# Error: COMP96_0064: fep_toplevel.vhd : (89, 23): Unknown type.
# Error: COMP96_0078: fep_toplevel.vhd : (90, 23): Unknown identifier "std_logic".
# Error: COMP96_0064: fep_toplevel.vhd : (90, 23): Unknown type.
# Error: ELAB1_0028: fep_toplevel.vhd : (245, 0): Entity port length is 14. addr length is 15.
# Error: COMP96_0367: fep_toplevel.vhd : (249, 14): Improper array length. Actual length is 14. Expected length is 15.
# Error: COMP96_0134: secd_fep_trenz_conf.vhd : (26, 20): Cannot find component declaration.
# Error: Implementation ended with error(s).
# Error: No simulation netlist was produced.
# Error: Implementation ended with error(s).
# Error: No simulation netlist was produced.
# Error: Errors during launching tool CPLDChipViewer h:/fpga/secd/activehdl/secd/implement/xie4.ini
# Error: CPLD Chip Viewer is not available for FPGA devices.
# Error: Synthesis aborted.
# Error: Synthesis aborted.
# Error: File 'h:/fpga/secd/activehdl/secd/implement/ver1/rev1/secd_fep_trenz.bit' does not exist.
# Error: Implementation ended with error(s).
# Error: File 'h:/fpga/secd/activehdl/secd/implement/ver1/rev1/secd_fep_trenz.bit' does not exist.
# Error: Implementation ended with error(s).
# Error: Synthesis aborted.
# Error: File 'h:/fpga/secd/activehdl/secd/implement/ver1/rev1/map.ncd' does not exist.
# Error: Implementation ended with error(s).
# Error: File 'h:/fpga/secd/activehdl/secd/implement/ver1/rev1/map.ncd' does not exist.
# Error: Implementation ended with error(s).
# Error: File 'h:/fpga/secd/activehdl/secd/implement/ver1/rev1/map.ncd' does not exist.
# Error: Implementation ended with error(s).
# Error: File 'h:/fpga/secd/activehdl/secd/implement/ver1/rev1/map.ncd' does not exist.
# Error: Implementation ended with error(s).
# Error: File 'h:/fpga/secd/activehdl/secd/implement/ver1/rev1/secd_fep_trenz.ncd' does not exist.
# Error: Implementation ended with error(s).
# Error: File 'h:/fpga/secd/activehdl/secd/implement/ver1/rev1/secd_fep_trenz.ncd' does not exist.
# Error: Implementation ended with error(s).
# Error: Synthesis aborted.
# Error: Synthesis: 3 error(s), 0 warning(s)
# Error: Synthesis: 1 error(s), 0 warning(s)
# Error: Synthesis: 1 error(s), 0 warning(s)
# Error: COMP96_0263: secd_ram_controller.vhd : (198, 32): Type names are not allowed as primaries.
# Error: COMP96_0151: secd_ram_controller.vhd : (198, 18): Name "state" on sensitivity list must denote a signal.
# Error: COMP96_0263: secd_ram_controller.vhd : (204, 12): Type names are not allowed as primaries.
# Error: COMP96_0301: secd_ram_controller.vhd : (204, 7): The choice OTHERS must be present when all alternatives are not covered.
# Error: COMP96_0301: secd_ram_controller.vhd : (204, 7): The choice OTHERS must be present when all alternatives are not covered.
# EXECUTION:: ERROR  : done
# EXECUTION:: ERROR  : done
# EXECUTION:: ERROR  : done
