# Warning: Synthesis: 0 errors, 61 warning(s)
# Warning: Design: The 'secd_fep_trenz_conf' configuration is created in VHDL source file h:\fpga\secd\activehdl\secd\src\secd_fep_trenz_conf.vhd.
# Warning: Synthesis: 0 errors, 60 warning(s)
# Warning: Implementation ended with warning(s).
# Warning: File "h:\fpga\secd\fep\fep_toplevel.vhd" has been modified after last synthesis run.
# Warning: Synthesis: 0 errors, 63 warning(s)
# Warning: File "h:\fpga\secd\fep\fep_toplevel.vhd" has been modified after last synthesis run.
# Warning: File "h:\fpga\secd\fep\fep_toplevel.vhd" has been modified after last synthesis run.
# Warning: File "h:\fpga\secd\fep\fep_toplevel.vhd" has been modified after last synthesis run.
# Warning: Synthesis: 0 errors, 65 warning(s)
# Warning: File "h:\fpga\secd\fep\fep_toplevel.vhd" has been modified after last synthesis run.
# Warning: Library Manager: Library "secd_post_synthesis" deleted.
# Warning: Library Manager: Library "secd_timing" deleted.
# Warning: Synthesis: 0 errors, 61 warning(s)
# Warning: No simulation netlist was produced.
# Warning: No simulation netlist was produced.
# Warning: No simulation netlist was produced.
# Warning: Library Manager: Library "secd_post_synthesis" deleted.
# Warning: Synthesis: 0 errors, 61 warning(s)
# Warning: No simulation netlist was produced.
# Warning: No simulation netlist was produced.
# Warning: No simulation netlist was produced.
# Warning: Implementation ended with warning(s).
# Warning: No simulation netlist was produced.
# Warning: File "h:\fpga\secd\fep\fep_toplevel.vhd" has been modified after last synthesis run.
# Warning: Synthesis: 0 errors, 61 warning(s)
# Warning: Implementation ended with warning(s).
# Warning: No simulation netlist was produced.
# Warning: File "h:\fpga\secd\fep\fep_toplevel.vhd" has been modified after last synthesis run.
# Warning: File "h:\fpga\secd\fep\fep_toplevel.vhd" has been modified after last synthesis run.
# Warning: File "h:\fpga\secd\fep\fep_toplevel.vhd" has been modified after last synthesis run.
# Warning: File "h:\fpga\secd\fep\fep_toplevel.vhd" has been modified after last synthesis run.
# Warning: File "h:\fpga\secd\fep\fep_toplevel.vhd" has been modified after last synthesis run.
# Warning: Synthesis: 0 errors, 69 warning(s)
# Warning: Implementation ended with warning(s).
# Warning: No simulation netlist was produced.
# Warning: File "h:\fpga\secd\fep\secd_ram_controller.vhd" has been modified after last synthesis run.
# Warning: Synthesis: 0 errors, 71 warning(s)
# Warning: Implementation ended with warning(s).
# Warning: No simulation netlist was produced.
# Warning: File "h:\fpga\secd\fep\secd_ram_controller.vhd" has been modified after last synthesis run.
# Warning: File "h:\fpga\secd\fep\fep_toplevel.vhd" has been modified after last synthesis run.
# Warning: Synthesis: 0 errors, 61 warning(s)
# Warning: File "h:\fpga\secd\fep\fep_toplevel.vhd" has been modified after last synthesis run.
# Warning: File "h:\fpga\secd\fep\fep_toplevel.vhd" has been modified after last synthesis run.
# Warning: Synthesis: 0 errors, 59 warning(s)
# Warning: Implementation ended with warning(s).
# Warning: No simulation netlist was produced.
# Warning: File "h:\fpga\secd\fep\fep_toplevel.vhd" has been modified after last synthesis run.
# Warning: Synthesis: 0 errors, 59 warning(s)
# Warning: Implementation ended with warning(s).
# Warning: No simulation netlist was produced.
# Warning: File "h:\fpga\secd\fep\secd_ram_controller.vhd" has been modified after last synthesis run.
# Warning: File "h:\fpga\secd\fep\fep_toplevel.vhd" has been modified after last synthesis run.
# Warning: Synthesis: 0 errors, 59 warning(s)
# Warning: Implementation ended with warning(s).
# Warning: No simulation netlist was produced.
